<?xml version="1.0" encoding="UTF-8"?>
<!-- Generated by org.testng.reporters.JUnitXMLReporter -->
<testsuite ignored="1" hostname="apples-MacBook-Air.local" failures="0" tests="1" name="Default test" time="16.322" errors="0" timestamp="2024-07-19T12:28:41 IST">
  <testcase classname="mypackage.FileUpload" name="fileUploading" time="10.599"/>
  <testcase classname="mypackage.FileUpload" name="getTitle" time="0.0">
    <ignored/>
  </testcase> <!-- getTitle -->
</testsuite> <!-- Default test -->
