<?xml version="1.0" encoding="UTF-8"?>
<!-- Generated by org.testng.reporters.JUnitReportReporter -->
<testsuite hostname="apples-MacBook-Air.local" failures="0" tests="2" name="mypackage.FileUpload" time="12.281" errors="0" timestamp="2024-08-13T18:50:20 IST" skipped="1">
  <testcase classname="mypackage.FileUpload" name="fileUploading" time="12.281"/>
  <system-out/>
  <testcase classname="mypackage.FileUpload" name="getTitle">
    <skipped/>
  </testcase> <!-- getTitle -->
  <system-out/>
</testsuite> <!-- mypackage.FileUpload -->
