<?xml version="1.0" encoding="UTF-8"?>
<!-- Generated by org.testng.reporters.JUnitReportReporter -->
<testsuite hostname="apples-MacBook-Air.local" failures="0" tests="2" name="mypackage.FileUpload" time="10.615" errors="0" timestamp="2024-07-19T12:28:42 IST" skipped="1">
  <testcase classname="mypackage.FileUpload" name="fileUploading" time="10.615"/>
  <system-out/>
  <testcase classname="mypackage.FileUpload" name="getTitle">
    <skipped/>
  </testcase> <!-- getTitle -->
  <system-out/>
</testsuite> <!-- mypackage.FileUpload -->
