<?xml version="1.0" encoding="UTF-8"?>
<testng-results ignored="0" total="1" passed="1" failed="0" skipped="0">
  <reporter-output>
  </reporter-output>
  <suite started-at="2024-08-14T16:05:44 IST" name="Default suite" finished-at="2024-08-14T16:05:58 IST" duration-ms="13798">
    <groups>
    </groups>
    <test started-at="2024-08-14T16:05:44 IST" name="Default test" finished-at="2024-08-14T16:05:58 IST" duration-ms="13798">
      <class name="mypackage.GetUrl">
        <test-method is-config="true" signature="startReport()[pri:0, instance:mypackage.GetUrl@57cf54e1]" started-at="2024-08-14T16:05:44 IST" name="startReport" finished-at="2024-08-14T16:05:53 IST" duration-ms="9239" status="PASS">
          <reporter-output>
          </reporter-output>
        </test-method> <!-- startReport -->
        <test-method signature="currentUrl()[pri:0, instance:mypackage.GetUrl@57cf54e1]" started-at="2024-08-14T16:05:54 IST" name="currentUrl" finished-at="2024-08-14T16:05:56 IST" duration-ms="2850" status="PASS">
          <reporter-output>
          </reporter-output>
        </test-method> <!-- currentUrl -->
        <test-method is-config="true" signature="close(org.testng.ITestResult)[pri:0, instance:mypackage.GetUrl@57cf54e1]" started-at="2024-08-14T16:05:56 IST" name="close" finished-at="2024-08-14T16:05:56 IST" duration-ms="11" status="PASS">
          <params>
            <param index="0">
              <value>
                <![CDATA[[TestResult name=currentUrl status=SUCCESS method=GetUrl.currentUrl()[pri:0, instance:mypackage.GetUrl@57cf54e1] output={null}]]]>
              </value>
            </param>
          </params>
          <reporter-output>
          </reporter-output>
        </test-method> <!-- close -->
        <test-method is-config="true" signature="test()[pri:0, instance:mypackage.GetUrl@57cf54e1]" started-at="2024-08-14T16:05:56 IST" name="test" finished-at="2024-08-14T16:05:58 IST" duration-ms="1624" status="PASS">
          <reporter-output>
          </reporter-output>
        </test-method> <!-- test -->
      </class> <!-- mypackage.GetUrl -->
    </test> <!-- Default test -->
  </suite> <!-- Default suite -->
</testng-results>
