<?xml version="1.0" encoding="UTF-8"?>
<!-- Generated by org.testng.reporters.JUnitXMLReporter -->
<testsuite ignored="0" hostname="apples-MacBook-Air.local" failures="0" tests="1" name="Default test(failed)" time="0.331" errors="0" timestamp="2024-07-14T12:46:15 IST">
  <testcase classname="mypackage.BaseTest" name="@BeforeTest startReport" time="0.26">
    <failure type="org.openqa.selenium.WebDriverException" message="Cannot find firefox binary in PATH. Make sure firefox is installed. OS appears to be: MAC
Build info: version: &amp;apos;3.14.0&amp;apos;, revision: &amp;apos;aacccce0&amp;apos;, time: &amp;apos;2018-08-02T20:19:58.91Z&amp;apos;
System info: host: &amp;apos;apples-MacBook-Air.local&amp;apos;, ip: &amp;apos;2405:201:a011:9073:a824:5748:e92f:8389%en0&amp;apos;, os.name: &amp;apos;Mac OS X&amp;apos;, os.arch: &amp;apos;x86_64&amp;apos;, os.version: &amp;apos;13.6&amp;apos;, java.version: &amp;apos;17.0.8.1&amp;apos;
Driver info: driver.version: FirefoxDriver">
      <![CDATA[org.openqa.selenium.WebDriverException: Cannot find firefox binary in PATH. Make sure firefox is installed. OS appears to be: MAC
Build info: version: '3.14.0', revision: 'aacccce0', time: '2018-08-02T20:19:58.91Z'
System info: host: 'apples-MacBook-Air.local', ip: '2405:201:a011:9073:a824:5748:e92f:8389%en0', os.name: 'Mac OS X', os.arch: 'x86_64', os.version: '13.6', java.version: '17.0.8.1'
Driver info: driver.version: FirefoxDriver
at org.openqa.selenium.firefox.FirefoxBinary.<init>(FirefoxBinary.java:116)
at java.base/java.util.Optional.orElseGet(Optional.java:364)
at org.openqa.selenium.firefox.FirefoxOptions.getBinary(FirefoxOptions.java:216)
at org.openqa.selenium.firefox.FirefoxDriver.toExecutor(FirefoxDriver.java:165)
at org.openqa.selenium.firefox.FirefoxDriver.<init>(FirefoxDriver.java:125)
at org.openqa.selenium.firefox.FirefoxDriver.<init>(FirefoxDriver.java:103)
at mypackage.BaseTest.startReport(BaseTest.java:45)
... Removed 24 stack frames]]>
    </failure>
  </testcase> <!-- @BeforeTest startReport -->
  <testcase classname="mypackage.BaseTest" name="@AfterMethod close" time="-1.720941375838E9">
    <skipped/>
  </testcase> <!-- @AfterMethod close -->
  <testcase classname="mypackage.BaseTest" name="@AfterTest test" time="-1.720941375844E9">
    <skipped/>
  </testcase> <!-- @AfterTest test -->
  <testcase classname="mypackage.Gmail" name="gmailLogin" time="0.0">
    <skipped/>
  </testcase> <!-- gmailLogin -->
</testsuite> <!-- Default test(failed) -->
